1 A  	1789          CONSTANTE EQU $1789
2 A  	0000          VAR EQU $0000
3 A  	0002          VAR1 EQU $0002
4 A  	VAR1 EQU $0004
			^Error: Variable o constante repetida.
5 A  	0003          VAR2 EQU $0003
6 A  	
8000		ORG $8000
7 A  	
8 A 8000	CE1789			 	LDX #CONSTANTE
9 A  	
10 A 8003	01          	NOP
11 A 8004	01          	NOP
12 A  	
13 A 8005	01           	NOP
14 A 8006	01          	NOP
15 A  	
16 A 8007	01          	NOP
17 A 8008	01          	NOP
18 A 8008	
19 A 8009	09          	DEX
20 A 800A	26F7			BNE SALTO 
23 A 8012	1F05AA16			BRCLR $05,X,#$AA SALTE 
24 A 8016	127C3312			BRSET $7C,#$33 SALTE 
25 A 801A	181E89400D			BRSET $89,Y,#$40 SALTE 
26 A 801F	155577 	BCLR $55,#$77
27 A 8022	144980 	BSET $49,#$80
28 A 8025	1D7088 	BCLR $70,X,#$88
29 A 8028	181C917C 	BSET $91,Y,#$7C
30 A  	
31 A  	
32 A 802C	7E8000				JMP INICIO
33 A   		END
